This is pdfTeXk, Version 3.141592-1.40.3 (Web2C 7.5.6) (format=latex 2008.11.8)  27 MAY 2009 18:59
entering extended mode
 Source specials enabled.
 %&-line parsing enabled.
**document.tex
(./document.tex
LaTeX2e <2005/12/01>
Babel <v3.8h> and hyphenation patterns for english, usenglishmax, dumylang, noh
yphenation, loaded.
(/usr/share/texmf-texlive/tex/latex/base/article.cls
Document Class: article 2005/09/16 v1.4f Standard LaTeX document class
(/usr/share/texmf-texlive/tex/latex/base/size10.clo
File: size10.clo 2005/09/16 v1.4f Standard LaTeX file (size option)
)
\c@part=\count79
\c@section=\count80
\c@subsection=\count81
\c@subsubsection=\count82
\c@paragraph=\count83
\c@subparagraph=\count84
\c@figure=\count85
\c@table=\count86
\abovecaptionskip=\skip41
\belowcaptionskip=\skip42
\bibindent=\dimen102
)
(/usr/share/texmf-texlive/tex/latex/base/inputenc.sty
Package: inputenc 2006/05/05 v1.1b Input encoding file
\inpenc@prehook=\toks14
\inpenc@posthook=\toks15

(/usr/share/texmf-texlive/tex/latex/base/latin1.def
File: latin1.def 2006/05/05 v1.1b Input encoding file
))
(/usr/share/texmf-texlive/tex/generic/babel/babel.sty
Package: babel 2005/11/23 v3.8h The Babel package

(/usr/share/texmf-texlive/tex/generic/babel/spanish.ldf
Language: spanish.ldf 2005/03/31 v4.2b Spanish support from the babel system

(/usr/share/texmf-texlive/tex/generic/babel/babel.def
File: babel.def 2005/11/23 v3.8h Babel common definitions
\babel@savecnt=\count87
\U@D=\dimen103
)

Package babel Warning: No hyphenation patterns were loaded for
(babel)                the language `Spanish'
(babel)                I will use the patterns loaded for \language=0 instead.

\l@spanish = a dialect from \language0
\es@quottoks=\toks16
\es@quotdepth=\count88
Package babel Info: Making . an active character on input line 509.
Package babel Info: Making " an active character on input line 540.
Package babel Info: Making < an active character on input line 641.
Package babel Info: Making > an active character on input line 642.
)) (/usr/share/texmf-texlive/tex/latex/graphics/graphicx.sty
Package: graphicx 1999/02/16 v1.0f Enhanced LaTeX Graphics (DPC,SPQR)

(/usr/share/texmf-texlive/tex/latex/graphics/keyval.sty
Package: keyval 1999/03/16 v1.13 key=value parser (DPC)
\KV@toks@=\toks17
)
(/usr/share/texmf-texlive/tex/latex/graphics/graphics.sty
Package: graphics 2006/02/20 v1.0o Standard LaTeX Graphics (DPC,SPQR)

(/usr/share/texmf-texlive/tex/latex/graphics/trig.sty
Package: trig 1999/03/16 v1.09 sin cos tan (DPC)
)
(/etc/texmf/tex/latex/config/graphics.cfg
File: graphics.cfg 2007/01/18 v1.5 graphics configuration of teTeX/TeXLive
)
Package graphics Info: Driver file: dvips.def on input line 90.

(/usr/share/texmf-texlive/tex/latex/graphics/dvips.def
File: dvips.def 1999/02/16 v3.0i Driver-dependant file (DPC,SPQR)
))
\Gin@req@height=\dimen104
\Gin@req@width=\dimen105
) (./document.aux)
\openout1 = `document.aux'.

LaTeX Font Info:    Checking defaults for OML/cmm/m/it on input line 11.
LaTeX Font Info:    ... okay on input line 11.
LaTeX Font Info:    Checking defaults for T1/cmr/m/n on input line 11.
LaTeX Font Info:    ... okay on input line 11.
LaTeX Font Info:    Checking defaults for OT1/cmr/m/n on input line 11.
LaTeX Font Info:    ... okay on input line 11.
LaTeX Font Info:    Checking defaults for OMS/cmsy/m/n on input line 11.
LaTeX Font Info:    ... okay on input line 11.
LaTeX Font Info:    Checking defaults for OMX/cmex/m/n on input line 11.
LaTeX Font Info:    ... okay on input line 11.
LaTeX Font Info:    Checking defaults for U/cmr/m/n on input line 11.
LaTeX Font Info:    ... okay on input line 11.
LaTeX Font Info:    External font `cmex10' loaded for size
(Font)              <12> on input line 13.
LaTeX Font Info:    External font `cmex10' loaded for size
(Font)              <8> on input line 13.
LaTeX Font Info:    External font `cmex10' loaded for size
(Font)              <6> on input line 13.

[1

] (./document.toc
LaTeX Font Info:    External font `cmex10' loaded for size
(Font)              <7> on input line 4.
LaTeX Font Info:    External font `cmex10' loaded for size
(Font)              <5> on input line 4.
)
\tf@toc=\write3
\openout3 = `document.toc'.

 [2] (./partes/01_descripcion.tex) [3]
(./partes/02_diseno.tex
Overfull \hbox (50.8322pt too wide) in paragraph at lines 8--11
\OT1/cmr/m/n/10 fun-cional-i-dad (la im-a-gen orig-i-nal se en-cuen-tra en: []\
OT1/cmtt/m/n/10 /diagramas_uml/diagrama_clases.png\OT1/cmr/m/n/10 ) 
 []

File: diagramas_uml/diagrama_paquetes.eps Graphic file (type eps)
<diagramas_uml/diagrama_paquetes.eps>
Overfull \hbox (68.33858pt too wide) in paragraph at lines 12--13
[][][] 
 []


Overfull \hbox (2.74855pt too wide) in paragraph at lines 16--18
[][][]\OT1/cmtt/m/n/10 es.urjc.es.etsii.gavab.de.clustering\OT1/cmr/m/n/10 : co
n-tiene la clase prin-ci-pal des-
 []


Overfull \hbox (2.16472pt too wide) in paragraph at lines 18--20
[][][]\OT1/cmtt/m/n/10 es.urjc.es.etsii.gavab.de.clustering.algoritmo\OT1/cmr/m
/n/10 : con-tiene to-das las
 []


Overfull \hbox (3.99814pt too wide) in paragraph at lines 20--22
[][][]\OT1/cmtt/m/n/10 es.urjc.es.etsii.gavab.de.clustering.lucene\OT1/cmr/m/n/
10 : con-tiene las clases rel-
 []

[4]
Overfull \hbox (1.24823pt too wide) in paragraph at lines 27--29
[][][]\OT1/cmtt/m/n/10 es.urjc.es.etsii.gavab.de.clustering.xslt\OT1/cmr/m/n/10
 : con-tiene las clases nece-
 []

LaTeX Font Info:    Try loading font information for OMS+cmr on input line 41.
(/usr/share/texmf-texlive/tex/latex/base/omscmr.fd
File: omscmr.fd 1999/05/25 v2.5h Standard LaTeX font definitions
)
LaTeX Font Info:    Font shape `OMS/cmr/m/n' in size <10> not available
(Font)              Font shape `OMS/cmsy/m/n' tried instead on input line 41.
File: diagramas_uml/diagrama_clases.eps Graphic file (type eps)

<diagramas_uml/diagrama_clases.eps>
Overfull \hbox (68.33858pt too wide) in paragraph at lines 58--59
[][][] 
 []

[5] [6]
Overfull \hbox (23.15343pt too wide) in paragraph at lines 114--126
 [][] 
 []

) [7] (./partes/03_resultado.tex) [8] (./document.bbl) [9] (./document.aux) ) 
Here is how much of TeX's memory you used:
 1164 strings out of 95087
 14115 string characters out of 1183278
 66768 words of memory out of 1500000
 4353 multiletter control sequences out of 10000+50000
 8362 words of font info for 30 fonts, out of 1200000 for 2000
 28 hyphenation exceptions out of 8191
 25i,10n,25p,191b,243s stack positions out of 5000i,500n,6000p,200000b,5000s

Output written on document.dvi (9 pages, 14020 bytes).
