This is pdfTeXk, Version 3.141592-1.40.3 (Web2C 7.5.6) (format=latex 2008.11.8)  26 MAY 2009 22:29
entering extended mode
 Source specials enabled.
 %&-line parsing enabled.
**pr06.tex
(./pr06.tex
LaTeX2e <2005/12/01>
Babel <v3.8h> and hyphenation patterns for english, usenglishmax, dumylang, noh
yphenation, loaded.
(/usr/share/texmf-texlive/tex/latex/base/article.cls
Document Class: article 2005/09/16 v1.4f Standard LaTeX document class
(/usr/share/texmf-texlive/tex/latex/base/size10.clo
File: size10.clo 2005/09/16 v1.4f Standard LaTeX file (size option)
)
\c@part=\count79
\c@section=\count80
\c@subsection=\count81
\c@subsubsection=\count82
\c@paragraph=\count83
\c@subparagraph=\count84
\c@figure=\count85
\c@table=\count86
\abovecaptionskip=\skip41
\belowcaptionskip=\skip42
\bibindent=\dimen102
)
(/usr/share/texmf-texlive/tex/latex/base/inputenc.sty
Package: inputenc 2006/05/05 v1.1b Input encoding file
\inpenc@prehook=\toks14
\inpenc@posthook=\toks15

(/usr/share/texmf-texlive/tex/latex/base/latin1.def
File: latin1.def 2006/05/05 v1.1b Input encoding file
))
(/usr/share/texmf-texlive/tex/generic/babel/babel.sty
Package: babel 2005/11/23 v3.8h The Babel package

(/usr/share/texmf-texlive/tex/generic/babel/spanish.ldf
Language: spanish.ldf 2005/03/31 v4.2b Spanish support from the babel system

(/usr/share/texmf-texlive/tex/generic/babel/babel.def
File: babel.def 2005/11/23 v3.8h Babel common definitions
\babel@savecnt=\count87
\U@D=\dimen103
)

Package babel Warning: No hyphenation patterns were loaded for
(babel)                the language `Spanish'
(babel)                I will use the patterns loaded for \language=0 instead.

\l@spanish = a dialect from \language0
\es@quottoks=\toks16
\es@quotdepth=\count88
Package babel Info: Making . an active character on input line 509.
Package babel Info: Making " an active character on input line 540.
Package babel Info: Making < an active character on input line 641.
Package babel Info: Making > an active character on input line 642.
)) (./practica6.sty
\titlebox=\skip43
) (/usr/share/texmf-texlive/tex/latex/graphics/graphicx.sty
Package: graphicx 1999/02/16 v1.0f Enhanced LaTeX Graphics (DPC,SPQR)

(/usr/share/texmf-texlive/tex/latex/graphics/keyval.sty
Package: keyval 1999/03/16 v1.13 key=value parser (DPC)
\KV@toks@=\toks17
)
(/usr/share/texmf-texlive/tex/latex/graphics/graphics.sty
Package: graphics 2006/02/20 v1.0o Standard LaTeX Graphics (DPC,SPQR)

(/usr/share/texmf-texlive/tex/latex/graphics/trig.sty
Package: trig 1999/03/16 v1.09 sin cos tan (DPC)
)
(/etc/texmf/tex/latex/config/graphics.cfg
File: graphics.cfg 2007/01/18 v1.5 graphics configuration of teTeX/TeXLive
)
Package graphics Info: Driver file: dvips.def on input line 90.

(/usr/share/texmf-texlive/tex/latex/graphics/dvips.def
File: dvips.def 1999/02/16 v3.0i Driver-dependant file (DPC,SPQR)
))
\Gin@req@height=\dimen104
\Gin@req@width=\dimen105
) (./pr06.aux)
\openout1 = `pr06.aux'.

LaTeX Font Info:    Checking defaults for OML/cmm/m/it on input line 13.
LaTeX Font Info:    ... okay on input line 13.
LaTeX Font Info:    Checking defaults for T1/cmr/m/n on input line 13.
LaTeX Font Info:    ... okay on input line 13.
LaTeX Font Info:    Checking defaults for OT1/cmr/m/n on input line 13.
LaTeX Font Info:    ... okay on input line 13.
LaTeX Font Info:    Checking defaults for OMS/cmsy/m/n on input line 13.
LaTeX Font Info:    ... okay on input line 13.
LaTeX Font Info:    Checking defaults for OMX/cmex/m/n on input line 13.
LaTeX Font Info:    ... okay on input line 13.
LaTeX Font Info:    Checking defaults for U/cmr/m/n on input line 13.
LaTeX Font Info:    ... okay on input line 13.
LaTeX Font Info:    External font `cmex10' loaded for size
(Font)              <12> on input line 15.
LaTeX Font Info:    External font `cmex10' loaded for size
(Font)              <8> on input line 15.
LaTeX Font Info:    External font `cmex10' loaded for size
(Font)              <6> on input line 15.


LaTeX Warning: No \author given.

(./partes/01_resumen.tex
LaTeX Font Info:    External font `cmex10' loaded for size
(Font)              <7> on input line 5.
LaTeX Font Info:    External font `cmex10' loaded for size
(Font)              <5> on input line 5.
) (./partes/02_introduccion.tex)
(./partes/03_matematicas.tex) [1

] (./partes/04_listas.tex)
(./partes/05_graficos.tex
File: veritas.eps Graphic file (type eps)
 <veritas.eps> [2]
File: veritas.eps Graphic file (type eps)
 <veritas.eps>
File: veritas.eps Graphic file (type eps)
 <veritas.eps>
File: veritas.eps Graphic file (type eps)

<veritas.eps> [3]
File: veritas.eps Graphic file (type eps)
 <veritas.eps>
File: veritas.eps Graphic file (type eps)
 <veritas.eps>) (./partes/06_estilo.tex [4])
[5] (./pr06.aux) ) 
Here is how much of TeX's memory you used:
 1162 strings out of 95087
 13914 string characters out of 1183278
 68043 words of memory out of 1500000
 4349 multiletter control sequences out of 10000+50000
 8417 words of font info for 30 fonts, out of 1200000 for 2000
 28 hyphenation exceptions out of 8191
 25i,9n,25p,181b,294s stack positions out of 5000i,500n,6000p,200000b,5000s

Output written on pr06.dvi (5 pages, 12268 bytes).
